# JRE version: OpenJDK Runtime Environment Temurin-17.0.9+9 (17.0.9+9) (build 17.0.9+9)
# Java VM: OpenJDK 64-Bit Server VM Temurin-17.0.9+9 (17.0.9+9, mixed mode, tiered, compressed oops, compressed class ptrs, parallel gc, windows-amd64)
GC Precious Log:
 CPUs: 8 total, 8 available
 Memory: 8081M
 Large Page Support: Disabled
 NUMA Support: Disabled
 Compressed Oops: Enabled (32-bit)
 Alignments: Space 512K, Generation 512K, Heap 2M
 Heap Min Capacity: 100M
 Heap Initial Capacity: 100M
 Heap Max Capacity: 1G
 Pre-touch: Disabled
 Parallel Workers: 8
Heap:
 PSYoungGen      total 9216K, used 5950K [0x00000000eab00000, 0x00000000eb700000, 0x0000000100000000)
  eden space 7168K, 59% used [0x00000000eab00000,0x00000000eaf2a1f0,0x00000000eb200000)
  from space 2048K, 82% used [0x00000000eb200000,0x00000000eb3a5780,0x00000000eb400000)
  to   space 2560K, 0% used [0x00000000eb480000,0x00000000eb480000,0x00000000eb700000)
 ParOldGen       total 116224K, used 96787K [0x00000000c0000000, 0x00000000c7180000, 0x00000000eab00000)
  object space 116224K, 83% used [0x00000000c0000000,0x00000000c5e84de8,0x00000000c7180000)
 Metaspace       used 64989K, committed 66112K, reserved 1114112K
  class space    used 7539K, committed 8000K, reserved 1048576K
GC Heap History (20 events):
Event: 13.941 GC heap before
{Heap before GC invocations=49 (full 4):
 PSYoungGen      total 11776K, used 11593K [0x00000000eab00000, 0x00000000eb880000, 0x0000000100000000)
  eden space 9728K, 100% used [0x00000000eab00000,0x00000000eb480000,0x00000000eb480000)
  from space 2048K, 91% used [0x00000000eb480000,0x00000000eb652678,0x00000000eb680000)
  to   space 2048K, 0% used [0x00000000eb680000,0x00000000eb680000,0x00000000eb880000)
 ParOldGen       total 92672K, used 80245K [0x00000000c0000000, 0x00000000c5a80000, 0x00000000eab00000)
  object space 92672K, 86% used [0x00000000c0000000,0x00000000c4e5d5d0,0x00000000c5a80000)
 Metaspace       used 63768K, committed 64832K, reserved 1114112K
  class space    used 7360K, committed 7808K, reserved 1048576K
}
Event: 13.944 GC heap after
{Heap after GC invocations=49 (full 4):
 PSYoungGen      total 11776K, used 1791K [0x00000000eab00000, 0x00000000eb880000, 0x0000000100000000)
  eden space 9728K, 0% used [0x00000000eab00000,0x00000000eab00000,0x00000000eb480000)
  from space 2048K, 87% used [0x00000000eb680000,0x00000000eb83ffa8,0x00000000eb880000)
  to   space 2048K, 0% used [0x00000000eb480000,0x00000000eb480000,0x00000000eb680000)
 ParOldGen       total 92672K, used 82046K [0x00000000c0000000, 0x00000000c5a80000, 0x00000000eab00000)
  object space 92672K, 88% used [0x00000000c0000000,0x00000000c501f940,0x00000000c5a80000)
 Metaspace       used 63768K, committed 64832K, reserved 1114112K
  class space    used 7360K, committed 7808K, reserved 1048576K
}
Event: 13.984 GC heap before
{Heap before GC invocations=50 (full 4):
 PSYoungGen      total 11776K, used 11519K [0x00000000eab00000, 0x00000000eb880000, 0x0000000100000000)
  eden space 9728K, 100% used [0x00000000eab00000,0x00000000eb480000,0x00000000eb480000)
  from space 2048K, 87% used [0x00000000eb680000,0x00000000eb83ffa8,0x00000000eb880000)
  to   space 2048K, 0% used [0x00000000eb480000,0x00000000eb480000,0x00000000eb680000)
 ParOldGen       total 92672K, used 82046K [0x00000000c0000000, 0x00000000c5a80000, 0x00000000eab00000)
  object space 92672K, 88% used [0x00000000c0000000,0x00000000c501f940,0x00000000c5a80000)
 Metaspace       used 63977K, committed 65088K, reserved 1114112K
  class space    used 7403K, committed 7872K, reserved 1048576K
}
Event: 13.986 GC heap after
{Heap after GC invocations=50 (full 4):
 PSYoungGen      total 11776K, used 1884K [0x00000000eab00000, 0x00000000eb880000, 0x0000000100000000)
  eden space 9728K, 0% used [0x00000000eab00000,0x00000000eab00000,0x00000000eb480000)
  from space 2048K, 91% used [0x00000000eb480000,0x00000000eb657020,0x00000000eb680000)
  to   space 2048K, 0% used [0x00000000eb680000,0x00000000eb680000,0x00000000eb880000)
 ParOldGen       total 92672K, used 83721K [0x00000000c0000000, 0x00000000c5a80000, 0x00000000eab00000)
  object space 92672K, 90% used [0x00000000c0000000,0x00000000c51c26d0,0x00000000c5a80000)
 Metaspace       used 63977K, committed 65088K, reserved 1114112K
  class space    used 7403K, committed 7872K, reserved 1048576K
}
Event: 14.038 GC heap before
{Heap before GC invocations=51 (full 4):
 PSYoungGen      total 11776K, used 11612K [0x00000000eab00000, 0x00000000eb880000, 0x0000000100000000)
  eden space 9728K, 100% used [0x00000000eab00000,0x00000000eb480000,0x00000000eb480000)
  from space 2048K, 91% used [0x00000000eb480000,0x00000000eb657020,0x00000000eb680000)
  to   space 2048K, 0% used [0x00000000eb680000,0x00000000eb680000,0x00000000eb880000)
 ParOldGen       total 92672K, used 83721K [0x00000000c0000000, 0x00000000c5a80000, 0x00000000eab00000)
  object space 92672K, 90% used [0x00000000c0000000,0x00000000c51c26d0,0x00000000c5a80000)
 Metaspace       used 64193K, committed 65344K, reserved 1114112K
  class space    used 7445K, committed 7936K, reserved 1048576K
}
Event: 14.041 GC heap after
{Heap after GC invocations=51 (full 4):
 PSYoungGen      total 11776K, used 1802K [0x00000000eab00000, 0x00000000eb880000, 0x0000000100000000)
  eden space 9728K, 0% used [0x00000000eab00000,0x00000000eab00000,0x00000000eb480000)
  from space 2048K, 87% used [0x00000000eb680000,0x00000000eb8428c8,0x00000000eb880000)
  to   space 2048K, 0% used [0x00000000eb480000,0x00000000eb480000,0x00000000eb680000)
 ParOldGen       total 92672K, used 85431K [0x00000000c0000000, 0x00000000c5a80000, 0x00000000eab00000)
  object space 92672K, 92% used [0x00000000c0000000,0x00000000c536dea0,0x00000000c5a80000)
 Metaspace       used 64193K, committed 65344K, reserved 1114112K
  class space    used 7445K, committed 7936K, reserved 1048576K
}
Event: 14.078 GC heap before
{Heap before GC invocations=52 (full 4):
 PSYoungGen      total 11776K, used 11530K [0x00000000eab00000, 0x00000000eb880000, 0x0000000100000000)
  eden space 9728K, 100% used [0x00000000eab00000,0x00000000eb480000,0x00000000eb480000)
  from space 2048K, 87% used [0x00000000eb680000,0x00000000eb8428c8,0x00000000eb880000)
  to   space 2048K, 0% used [0x00000000eb480000,0x00000000eb480000,0x00000000eb680000)
 ParOldGen       total 92672K, used 85431K [0x00000000c0000000, 0x00000000c5a80000, 0x00000000eab00000)
  object space 92672K, 92% used [0x00000000c0000000,0x00000000c536dea0,0x00000000c5a80000)
 Metaspace       used 64371K, committed 65472K, reserved 1114112K
  class space    used 7476K, committed 7936K, reserved 1048576K
}
Event: 14.081 GC heap after
{Heap after GC invocations=52 (full 4):
 PSYoungGen      total 11776K, used 2019K [0x00000000eab00000, 0x00000000ebd80000, 0x0000000100000000)
  eden space 9728K, 0% used [0x00000000eab00000,0x00000000eab00000,0x00000000eb480000)
  from space 2048K, 98% used [0x00000000eb480000,0x00000000eb678d00,0x00000000eb680000)
  to   space 4608K, 0% used [0x00000000eb900000,0x00000000eb900000,0x00000000ebd80000)
 ParOldGen       total 92672K, used 87191K [0x00000000c0000000, 0x00000000c5a80000, 0x00000000eab00000)
  object space 92672K, 94% used [0x00000000c0000000,0x00000000c5525fe0,0x00000000c5a80000)
 Metaspace       used 64371K, committed 65472K, reserved 1114112K
  class space    used 7476K, committed 7936K, reserved 1048576K
}
Event: 14.128 GC heap before
{Heap before GC invocations=53 (full 4):
 PSYoungGen      total 11776K, used 11742K [0x00000000eab00000, 0x00000000ebd80000, 0x0000000100000000)
  eden space 9728K, 99% used [0x00000000eab00000,0x00000000eb47ecb0,0x00000000eb480000)
  from space 2048K, 98% used [0x00000000eb480000,0x00000000eb678d00,0x00000000eb680000)
  to   space 4608K, 0% used [0x00000000eb900000,0x00000000eb900000,0x00000000ebd80000)
 ParOldGen       total 92672K, used 87191K [0x00000000c0000000, 0x00000000c5a80000, 0x00000000eab00000)
  object space 92672K, 94% used [0x00000000c0000000,0x00000000c5525fe0,0x00000000c5a80000)
 Metaspace       used 64620K, committed 65664K, reserved 1114112K
  class space    used 7501K, committed 7936K, reserved 1048576K
}
Event: 14.131 GC heap after
{Heap after GC invocations=53 (full 4):
 PSYoungGen      total 11776K, used 1862K [0x00000000eab00000, 0x00000000ebb00000, 0x0000000100000000)
  eden space 9728K, 0% used [0x00000000eab00000,0x00000000eab00000,0x00000000eb480000)
  from space 2048K, 90% used [0x00000000eb900000,0x00000000ebad1938,0x00000000ebb00000)
  to   space 2560K, 0% used [0x00000000eb600000,0x00000000eb600000,0x00000000eb880000)
 ParOldGen       total 92672K, used 89198K [0x00000000c0000000, 0x00000000c5a80000, 0x00000000eab00000)
  object space 92672K, 96% used [0x00000000c0000000,0x00000000c571b8e0,0x00000000c5a80000)
 Metaspace       used 64620K, committed 65664K, reserved 1114112K
  class space    used 7501K, committed 7936K, reserved 1048576K
}
Event: 14.189 GC heap before
{Heap before GC invocations=54 (full 4):
 PSYoungGen      total 11776K, used 11590K [0x00000000eab00000, 0x00000000ebb00000, 0x0000000100000000)
  eden space 9728K, 100% used [0x00000000eab00000,0x00000000eb480000,0x00000000eb480000)
  from space 2048K, 90% used [0x00000000eb900000,0x00000000ebad1938,0x00000000ebb00000)
  to   space 2560K, 0% used [0x00000000eb600000,0x00000000eb600000,0x00000000eb880000)
 ParOldGen       total 92672K, used 89198K [0x00000000c0000000, 0x00000000c5a80000, 0x00000000eab00000)
  object space 92672K, 96% used [0x00000000c0000000,0x00000000c571b8e0,0x00000000c5a80000)
 Metaspace       used 64912K, committed 66048K, reserved 1114112K
  class space    used 7526K, committed 8000K, reserved 1048576K
}
Event: 14.192 GC heap after
{Heap after GC invocations=54 (full 4):
 PSYoungGen      total 11776K, used 1766K [0x00000000eab00000, 0x00000000eb980000, 0x0000000100000000)
  eden space 9728K, 0% used [0x00000000eab00000,0x00000000eab00000,0x00000000eb480000)
  from space 2048K, 86% used [0x00000000eb600000,0x00000000eb7b98c8,0x00000000eb800000)
  to   space 1536K, 0% used [0x00000000eb800000,0x00000000eb800000,0x00000000eb980000)
 ParOldGen       total 92672K, used 90943K [0x00000000c0000000, 0x00000000c5a80000, 0x00000000eab00000)
  object space 92672K, 98% used [0x00000000c0000000,0x00000000c58cffb0,0x00000000c5a80000)
 Metaspace       used 64912K, committed 66048K, reserved 1114112K
  class space    used 7526K, committed 8000K, reserved 1048576K
}
Event: 14.192 GC heap before
{Heap before GC invocations=55 (full 5):
 PSYoungGen      total 11776K, used 1766K [0x00000000eab00000, 0x00000000eb980000, 0x0000000100000000)
  eden space 9728K, 0% used [0x00000000eab00000,0x00000000eab00000,0x00000000eb480000)
  from space 2048K, 86% used [0x00000000eb600000,0x00000000eb7b98c8,0x00000000eb800000)
  to   space 1536K, 0% used [0x00000000eb800000,0x00000000eb800000,0x00000000eb980000)
 ParOldGen       total 92672K, used 90943K [0x00000000c0000000, 0x00000000c5a80000, 0x00000000eab00000)
  object space 92672K, 98% used [0x00000000c0000000,0x00000000c58cffb0,0x00000000c5a80000)
 Metaspace       used 64912K, committed 66048K, reserved 1114112K
  class space    used 7526K, committed 8000K, reserved 1048576K
}
Event: 14.286 GC heap after
{Heap after GC invocations=55 (full 5):
 PSYoungGen      total 10240K, used 0K [0x00000000eab00000, 0x00000000eb880000, 0x0000000100000000)
  eden space 9728K, 0% used [0x00000000eab00000,0x00000000eab00000,0x00000000eb480000)
  from space 512K, 0% used [0x00000000eb800000,0x00000000eb800000,0x00000000eb880000)
  to   space 2048K, 0% used [0x00000000eb480000,0x00000000eb480000,0x00000000eb680000)
 ParOldGen       total 116224K, used 89639K [0x00000000c0000000, 0x00000000c7180000, 0x00000000eab00000)
  object space 116224K, 77% used [0x00000000c0000000,0x00000000c5789dc0,0x00000000c7180000)
 Metaspace       used 64911K, committed 66048K, reserved 1114112K
  class space    used 7526K, committed 8000K, reserved 1048576K
}
Event: 14.392 GC heap before
{Heap before GC invocations=56 (full 5):
 PSYoungGen      total 10240K, used 9728K [0x00000000eab00000, 0x00000000eb880000, 0x0000000100000000)
  eden space 9728K, 100% used [0x00000000eab00000,0x00000000eb480000,0x00000000eb480000)
  from space 512K, 0% used [0x00000000eb800000,0x00000000eb800000,0x00000000eb880000)
  to   space 2048K, 0% used [0x00000000eb480000,0x00000000eb480000,0x00000000eb680000)
 ParOldGen       total 116224K, used 89639K [0x00000000c0000000, 0x00000000c7180000, 0x00000000eab00000)
  object space 116224K, 77% used [0x00000000c0000000,0x00000000c5789dc0,0x00000000c7180000)
 Metaspace       used 64989K, committed 66112K, reserved 1114112K
  class space    used 7539K, committed 8000K, reserved 1048576K
}
Event: 14.393 GC heap after
{Heap after GC invocations=56 (full 5):
 PSYoungGen      total 11776K, used 1950K [0x00000000eab00000, 0x00000000eb880000, 0x0000000100000000)
  eden space 9728K, 0% used [0x00000000eab00000,0x00000000eab00000,0x00000000eb480000)
  from space 2048K, 95% used [0x00000000eb480000,0x00000000eb667a60,0x00000000eb680000)
  to   space 2048K, 0% used [0x00000000eb680000,0x00000000eb680000,0x00000000eb880000)
 ParOldGen       total 116224K, used 89639K [0x00000000c0000000, 0x00000000c7180000, 0x00000000eab00000)
  object space 116224K, 77% used [0x00000000c0000000,0x00000000c5789dc0,0x00000000c7180000)
 Metaspace       used 64989K, committed 66112K, reserved 1114112K
  class space    used 7539K, committed 8000K, reserved 1048576K
}
Event: 14.466 GC heap before
{Heap before GC invocations=57 (full 5):
 PSYoungGen      total 11776K, used 11678K [0x00000000eab00000, 0x00000000eb880000, 0x0000000100000000)
  eden space 9728K, 100% used [0x00000000eab00000,0x00000000eb480000,0x00000000eb480000)
  from space 2048K, 95% used [0x00000000eb480000,0x00000000eb667a60,0x00000000eb680000)
  to   space 2048K, 0% used [0x00000000eb680000,0x00000000eb680000,0x00000000eb880000)
 ParOldGen       total 116224K, used 89639K [0x00000000c0000000, 0x00000000c7180000, 0x00000000eab00000)
  object space 116224K, 77% used [0x00000000c0000000,0x00000000c5789dc0,0x00000000c7180000)
 Metaspace       used 64989K, committed 66112K, reserved 1114112K
  class space    used 7539K, committed 8000K, reserved 1048576K
}
Event: 14.468 GC heap after
{Heap after GC invocations=57 (full 5):
 PSYoungGen      total 9216K, used 2034K [0x00000000eab00000, 0x00000000ebd80000, 0x0000000100000000)
  eden space 7168K, 0% used [0x00000000eab00000,0x00000000eab00000,0x00000000eb200000)
  from space 2048K, 99% used [0x00000000eb680000,0x00000000eb87ca20,0x00000000eb880000)
  to   space 4608K, 0% used [0x00000000eb200000,0x00000000eb200000,0x00000000eb680000)
 ParOldGen       total 116224K, used 91495K [0x00000000c0000000, 0x00000000c7180000, 0x00000000eab00000)
  object space 116224K, 78% used [0x00000000c0000000,0x00000000c5959d30,0x00000000c7180000)
 Metaspace       used 64989K, committed 66112K, reserved 1114112K
  class space    used 7539K, committed 8000K, reserved 1048576K
}
Event: 14.506 GC heap before
{Heap before GC invocations=58 (full 5):
 PSYoungGen      total 9216K, used 9202K [0x00000000eab00000, 0x00000000ebd80000, 0x0000000100000000)
  eden space 7168K, 100% used [0x00000000eab00000,0x00000000eb200000,0x00000000eb200000)
  from space 2048K, 99% used [0x00000000eb680000,0x00000000eb87ca20,0x00000000eb880000)
  to   space 4608K, 0% used [0x00000000eb200000,0x00000000eb200000,0x00000000eb680000)
 ParOldGen       total 116224K, used 91495K [0x00000000c0000000, 0x00000000c7180000, 0x00000000eab00000)
  object space 116224K, 78% used [0x00000000c0000000,0x00000000c5959d30,0x00000000c7180000)
 Metaspace       used 64989K, committed 66112K, reserved 1114112K
  class space    used 7539K, committed 8000K, reserved 1048576K
}
Event: 14.509 GC heap after
{Heap after GC invocations=58 (full 5):
 PSYoungGen      total 9216K, used 1752K [0x00000000eab00000, 0x00000000eb700000, 0x0000000100000000)
  eden space 7168K, 0% used [0x00000000eab00000,0x00000000eab00000,0x00000000eb200000)
  from space 2048K, 85% used [0x00000000eb200000,0x00000000eb3b60c8,0x00000000eb400000)
  to   space 2560K, 0% used [0x00000000eb480000,0x00000000eb480000,0x00000000eb700000)
 ParOldGen       total 116224K, used 93548K [0x00000000c0000000, 0x00000000c7180000, 0x00000000eab00000)
  object space 116224K, 80% used [0x00000000c0000000,0x00000000c5b5b258,0x00000000c7180000)
 Metaspace       used 64989K, committed 66112K, reserved 1114112K
  class space    used 7539K, committed 8000K, reserved 1048576K
}

